Starting a new Gradle Daemon for this build (subsequent builds will be faster).
:clean
:compileJava
:processResources
:classes
:findMainClass
:bootRun

  .   ____          _            __ _ _
 /\\ / ___'_ __ _ _(_)_ __  __ _ \ \ \ \
( ( )\___ | '_ | '_| | '_ \/ _` | \ \ \ \
 \\/  ___)| |_)| | | | | || (_| |  ) ) ) )
  '  |____| .__|_| |_|_| |_\__, | / / / /
 =========|_|==============|___/=/_/_/_/
 :: Spring Boot ::        (v1.4.0.RELEASE)

2016-11-28 12:48:52,675 INFO  logger="de.haw.aim.AIMServer" message="Starting AIMServer on kk-yoga with PID 20415 (/home/kk/IdeaProjects/projecttwomicroservice/build/classes/main started by kk in /home/kk/IdeaProjects/projecttwomicroservice)" thread="main" 
2016-11-28 12:48:52,686 INFO  logger="de.haw.aim.AIMServer" message="No active profile set, falling back to default profiles: default" thread="main" 
2016-11-28 12:48:53,475 INFO  logger="org.hibernate.validator.internal.util.Version" message="HV000001: Hibernate Validator 5.2.4.Final" thread="background-preinit" 
2016-11-28 12:48:53,519 INFO  logger="org.springframework.boot.context.embedded.AnnotationConfigEmbeddedWebApplicationContext" message="Refreshing org.springframework.boot.context.embedded.AnnotationConfigEmbeddedWebApplicationContext@145f66e3: startup date [Mon Nov 28 12:48:53 CET 2016]; root of context hierarchy" thread="main" 
2016-11-28 12:48:55,693 INFO  logger="org.springframework.beans.factory.support.DefaultListableBeanFactory" message="Overriding bean definition for bean 'managementServletContext' with a different definition: replacing [Root bean: class [null]; scope=; abstract=false; lazyInit=false; autowireMode=3; dependencyCheck=0; autowireCandidate=true; primary=false; factoryBeanName=org.springframework.boot.actuate.autoconfigure.EndpointWebMvcHypermediaManagementContextConfiguration; factoryMethodName=managementServletContext; initMethodName=null; destroyMethodName=(inferred); defined in class path resource [org/springframework/boot/actuate/autoconfigure/EndpointWebMvcHypermediaManagementContextConfiguration.class]] with [Root bean: class [null]; scope=; abstract=false; lazyInit=false; autowireMode=3; dependencyCheck=0; autowireCandidate=true; primary=false; factoryBeanName=org.springframework.boot.actuate.autoconfigure.EndpointWebMvcAutoConfiguration; factoryMethodName=managementServletContext; initMethodName=null; destroyMethodName=(inferred); defined in class path resource [org/springframework/boot/actuate/autoconfigure/EndpointWebMvcAutoConfiguration.class]]" thread="main" 
2016-11-28 12:48:57,394 INFO  logger="org.springframework.boot.context.embedded.tomcat.TomcatEmbeddedServletContainer" message="Tomcat initialized with port(s): 8080 (http)" thread="main" 
2016-11-28 12:48:57,424 INFO  logger="org.apache.catalina.core.StandardService" message="Starting service Tomcat" thread="main" 
2016-11-28 12:48:57,426 INFO  logger="org.apache.catalina.core.StandardEngine" message="Starting Servlet Engine: Apache Tomcat/8.5.4" thread="main" 
2016-11-28 12:48:57,561 INFO  logger="org.apache.catalina.core.ContainerBase.[Tomcat].[localhost].[/api]" message="Initializing Spring embedded WebApplicationContext" thread="localhost-startStop-1" 
2016-11-28 12:48:57,562 INFO  logger="org.springframework.web.context.ContextLoader" message="Root WebApplicationContext: initialization completed in 4053 ms" thread="localhost-startStop-1" 
2016-11-28 12:48:58,082 INFO  logger="org.springframework.boot.web.servlet.FilterRegistrationBean" message="Mapping filter: 'metricFilter' to: [/*]" thread="localhost-startStop-1" 
2016-11-28 12:48:58,082 INFO  logger="org.springframework.boot.web.servlet.FilterRegistrationBean" message="Mapping filter: 'characterEncodingFilter' to: [/*]" thread="localhost-startStop-1" 
2016-11-28 12:48:58,083 INFO  logger="org.springframework.boot.web.servlet.FilterRegistrationBean" message="Mapping filter: 'hiddenHttpMethodFilter' to: [/*]" thread="localhost-startStop-1" 
2016-11-28 12:48:58,083 INFO  logger="org.springframework.boot.web.servlet.FilterRegistrationBean" message="Mapping filter: 'httpPutFormContentFilter' to: [/*]" thread="localhost-startStop-1" 
2016-11-28 12:48:58,083 INFO  logger="org.springframework.boot.web.servlet.FilterRegistrationBean" message="Mapping filter: 'requestContextFilter' to: [/*]" thread="localhost-startStop-1" 
2016-11-28 12:48:58,084 INFO  logger="org.springframework.boot.web.servlet.FilterRegistrationBean" message="Mapping filter: 'authenticationFilter' to urls: [/*]" thread="localhost-startStop-1" 
2016-11-28 12:48:58,085 INFO  logger="org.springframework.boot.web.servlet.FilterRegistrationBean" message="Mapping filter: 'webRequestLoggingFilter' to: [/*]" thread="localhost-startStop-1" 
2016-11-28 12:48:58,085 INFO  logger="org.springframework.boot.web.servlet.FilterRegistrationBean" message="Mapping filter: 'applicationContextIdFilter' to: [/*]" thread="localhost-startStop-1" 
2016-11-28 12:48:58,086 INFO  logger="org.springframework.boot.web.servlet.ServletRegistrationBean" message="Mapping servlet: 'dispatcherServlet' to [/]" thread="localhost-startStop-1" 
2016-11-28 12:48:58,340 INFO  logger="org.mongodb.driver.cluster" message="Cluster created with settings {hosts=[localhost:27017], mode=MULTIPLE, requiredClusterType=UNKNOWN, serverSelectionTimeout='30000 ms', maxWaitQueueSize=500}" thread="localhost-startStop-1" 
2016-11-28 12:48:58,340 INFO  logger="org.mongodb.driver.cluster" message="Adding discovered server localhost:27017 to client view of cluster" thread="localhost-startStop-1" 
2016-11-28 12:48:58,477 INFO  logger="org.mongodb.driver.connection" message="Opened connection [connectionId{localValue:1, serverValue:1}] to localhost:27017" thread="cluster-ClusterId{value='583c19aa451f5a4fbf7cb6a8', description='null'}-localhost:27017" 
2016-11-28 12:48:58,479 INFO  logger="org.mongodb.driver.cluster" message="Monitor thread successfully connected to server with description ServerDescription{address=localhost:27017, type=STANDALONE, state=CONNECTED, ok=true, version=ServerVersion{versionList=[3, 0, 5]}, minWireVersion=0, maxWireVersion=3, maxDocumentSize=16777216, roundTripTimeNanos=705595}" thread="cluster-ClusterId{value='583c19aa451f5a4fbf7cb6a8', description='null'}-localhost:27017" 
2016-11-28 12:48:58,484 INFO  logger="org.mongodb.driver.cluster" message="Discovered cluster type of STANDALONE" thread="cluster-ClusterId{value='583c19aa451f5a4fbf7cb6a8', description='null'}-localhost:27017" 
2016-11-28 12:49:00,191 INFO  logger="org.springframework.web.servlet.mvc.method.annotation.RequestMappingHandlerMapping" message="Mapped "{[/vendor],methods=[GET],produces=[application/json]}" onto public org.springframework.http.ResponseEntity<java.util.List<de.haw.aim.rest.dto.InfoDTO>> de.haw.aim.rest.Controller.vendorGet()" thread="main" 
2016-11-28 12:49:00,193 INFO  logger="org.springframework.web.servlet.mvc.method.annotation.RequestMappingHandlerMapping" message="Mapped "{[/vendor/{id}],methods=[GET],produces=[application/json]}" onto public org.springframework.http.ResponseEntity<de.haw.aim.rest.dto.InfoDTO> de.haw.aim.rest.Controller.vendorIdGet(java.lang.String)" thread="main" 
2016-11-28 12:49:00,194 INFO  logger="org.springframework.web.servlet.mvc.method.annotation.RequestMappingHandlerMapping" message="Mapped "{[/vendor],methods=[PUT],consumes=[application/json]}" onto public org.springframework.http.ResponseEntity<java.lang.Void> de.haw.aim.rest.Controller.vendorPut(de.haw.aim.rest.dto.InfoDTO,java.lang.String) throws de.haw.aim.validator.ValueDoesntValidateToConfigFileException" thread="main" 
2016-11-28 12:49:00,195 INFO  logger="org.springframework.web.servlet.mvc.method.annotation.RequestMappingHandlerMapping" message="Mapped "{[/product],methods=[GET],produces=[application/json]}" onto public org.springframework.http.ResponseEntity<java.util.List<de.haw.aim.rest.dto.InfoDTO>> de.haw.aim.rest.Controller.productGet()" thread="main" 
2016-11-28 12:49:00,196 INFO  logger="org.springframework.web.servlet.mvc.method.annotation.RequestMappingHandlerMapping" message="Mapped "{[/product/{id}],methods=[GET],produces=[application/json]}" onto public org.springframework.http.ResponseEntity<de.haw.aim.rest.dto.InfoDTO> de.haw.aim.rest.Controller.productIdGet(java.lang.String)" thread="main" 
2016-11-28 12:49:00,202 INFO  logger="org.springframework.web.servlet.mvc.method.annotation.RequestMappingHandlerMapping" message="Mapped "{[/product/{id}],methods=[PUT],consumes=[application/json]}" onto public org.springframework.http.ResponseEntity<java.lang.Void> de.haw.aim.rest.Controller.productIdPut(java.lang.String,de.haw.aim.rest.dto.InfoDTO,java.lang.String) throws de.haw.aim.validator.ValueDoesntValidateToConfigFileException" thread="main" 
2016-11-28 12:49:00,202 INFO  logger="org.springframework.web.servlet.mvc.method.annotation.RequestMappingHandlerMapping" message="Mapped "{[/file],methods=[GET],produces=[application/json]}" onto public org.springframework.http.ResponseEntity<java.util.List<java.lang.String>> de.haw.aim.rest.Controller.fileGet(java.lang.String)" thread="main" 
2016-11-28 12:49:00,206 INFO  logger="org.springframework.web.servlet.mvc.method.annotation.RequestMappingHandlerMapping" message="Mapped "{[/file/{id}],methods=[GET],produces=[image/jpeg || image/png || image/gif || application/pdf]}" onto public org.springframework.http.ResponseEntity<java.io.File> de.haw.aim.rest.Controller.fileIdGet(java.lang.String)" thread="main" 
2016-11-28 12:49:00,207 INFO  logger="org.springframework.web.servlet.mvc.method.annotation.RequestMappingHandlerMapping" message="Mapped "{[/file/{id}],methods=[PUT],consumes=[application/x-www-form-urlencoded]}" onto public org.springframework.http.ResponseEntity<java.lang.Void> de.haw.aim.rest.Controller.fileIdPut(java.lang.String,org.springframework.web.multipart.MultipartFile,java.lang.String)" thread="main" 
2016-11-28 12:49:00,207 INFO  logger="org.springframework.web.servlet.mvc.method.annotation.RequestMappingHandlerMapping" message="Mapped "{[/file],methods=[PUT],consumes=[multipart/form-data]}" onto public org.springframework.http.ResponseEntity<java.lang.String> de.haw.aim.rest.Controller.filePut(org.springframework.web.multipart.MultipartFile,java.lang.String)" thread="main" 
2016-11-28 12:49:00,208 INFO  logger="org.springframework.web.servlet.mvc.method.annotation.RequestMappingHandlerMapping" message="Mapped "{[/login],methods=[POST],consumes=[application/json],produces=[application/json]}" onto public org.springframework.http.ResponseEntity<de.haw.aim.rest.dto.UserDTO> de.haw.aim.rest.Controller.loginPost(de.haw.aim.rest.dto.LoginRequest)" thread="main" 
2016-11-28 12:49:00,212 INFO  logger="org.springframework.web.servlet.mvc.method.annotation.RequestMappingHandlerMapping" message="Mapped "{[/setup],methods=[GET]}" onto public void de.haw.aim.rest.Controller.testDaten()" thread="main" 
2016-11-28 12:49:00,214 INFO  logger="org.springframework.web.servlet.mvc.method.annotation.RequestMappingHandlerMapping" message="Mapped "{[/v2/api-docs],methods=[GET],produces=[application/json || application/hal+json]}" onto public org.springframework.http.ResponseEntity<springfox.documentation.spring.web.json.Json> springfox.documentation.swagger2.web.Swagger2Controller.getDocumentation(java.lang.String,javax.servlet.http.HttpServletRequest)" thread="main" 
2016-11-28 12:49:00,225 INFO  logger="org.springframework.web.servlet.mvc.method.annotation.RequestMappingHandlerMapping" message="Mapped "{[/swagger-resources/configuration/ui]}" onto org.springframework.http.ResponseEntity<springfox.documentation.swagger.web.UiConfiguration> springfox.documentation.swagger.web.ApiResourceController.uiConfiguration()" thread="main" 
2016-11-28 12:49:00,228 INFO  logger="org.springframework.web.servlet.mvc.method.annotation.RequestMappingHandlerMapping" message="Mapped "{[/swagger-resources]}" onto org.springframework.http.ResponseEntity<java.util.List<springfox.documentation.swagger.web.SwaggerResource>> springfox.documentation.swagger.web.ApiResourceController.swaggerResources()" thread="main" 
2016-11-28 12:49:00,229 INFO  logger="org.springframework.web.servlet.mvc.method.annotation.RequestMappingHandlerMapping" message="Mapped "{[/swagger-resources/configuration/security]}" onto org.springframework.http.ResponseEntity<springfox.documentation.swagger.web.SecurityConfiguration> springfox.documentation.swagger.web.ApiResourceController.securityConfiguration()" thread="main" 
2016-11-28 12:49:00,234 INFO  logger="org.springframework.web.servlet.mvc.method.annotation.RequestMappingHandlerMapping" message="Mapped "{[/error],produces=[text/html]}" onto public org.springframework.web.servlet.ModelAndView org.springframework.boot.autoconfigure.web.BasicErrorController.errorHtml(javax.servlet.http.HttpServletRequest,javax.servlet.http.HttpServletResponse)" thread="main" 
2016-11-28 12:49:00,235 INFO  logger="org.springframework.web.servlet.mvc.method.annotation.RequestMappingHandlerMapping" message="Mapped "{[/error]}" onto public org.springframework.http.ResponseEntity<java.util.Map<java.lang.String, java.lang.Object>> org.springframework.boot.autoconfigure.web.BasicErrorController.error(javax.servlet.http.HttpServletRequest)" thread="main" 
2016-11-28 12:49:00,710 INFO  logger="org.springframework.boot.actuate.endpoint.mvc.EndpointHandlerMapping" message="Mapped "{[/internal/health || /internal/health.json],produces=[application/json]}" onto public java.lang.Object org.springframework.boot.actuate.endpoint.mvc.HealthMvcEndpoint.invoke(java.security.Principal)" thread="main" 
2016-11-28 12:49:00,714 INFO  logger="org.springframework.boot.actuate.endpoint.mvc.EndpointHandlerMapping" message="Mapped "{[/internal/info || /internal/info.json],methods=[GET],produces=[application/json]}" onto public java.lang.Object org.springframework.boot.actuate.endpoint.mvc.EndpointMvcAdapter.invoke()" thread="main" 
2016-11-28 12:49:00,715 INFO  logger="org.springframework.boot.actuate.endpoint.mvc.EndpointHandlerMapping" message="Mapped "{[/internal/autoconfig || /internal/autoconfig.json],methods=[GET],produces=[application/json]}" onto public java.lang.Object org.springframework.boot.actuate.endpoint.mvc.EndpointMvcAdapter.invoke()" thread="main" 
2016-11-28 12:49:00,716 INFO  logger="org.springframework.boot.actuate.endpoint.mvc.EndpointHandlerMapping" message="Mapped "{[/internal/dump || /internal/dump.json],methods=[GET],produces=[application/json]}" onto public java.lang.Object org.springframework.boot.actuate.endpoint.mvc.EndpointMvcAdapter.invoke()" thread="main" 
2016-11-28 12:49:00,717 INFO  logger="org.springframework.boot.actuate.endpoint.mvc.EndpointHandlerMapping" message="Mapped "{[/internal/configprops || /internal/configprops.json],methods=[GET],produces=[application/json]}" onto public java.lang.Object org.springframework.boot.actuate.endpoint.mvc.EndpointMvcAdapter.invoke()" thread="main" 
2016-11-28 12:49:00,718 INFO  logger="org.springframework.boot.actuate.endpoint.mvc.EndpointHandlerMapping" message="Mapped "{[/internal/mappings || /internal/mappings.json],methods=[GET],produces=[application/json]}" onto public java.lang.Object org.springframework.boot.actuate.endpoint.mvc.EndpointMvcAdapter.invoke()" thread="main" 
2016-11-28 12:49:00,719 INFO  logger="org.springframework.boot.actuate.endpoint.mvc.EndpointHandlerMapping" message="Mapped "{[/internal/env/{name:.*}],methods=[GET],produces=[application/json]}" onto public java.lang.Object org.springframework.boot.actuate.endpoint.mvc.EnvironmentMvcEndpoint.value(java.lang.String)" thread="main" 
2016-11-28 12:49:00,720 INFO  logger="org.springframework.boot.actuate.endpoint.mvc.EndpointHandlerMapping" message="Mapped "{[/internal/env || /internal/env.json],methods=[GET],produces=[application/json]}" onto public java.lang.Object org.springframework.boot.actuate.endpoint.mvc.EndpointMvcAdapter.invoke()" thread="main" 
2016-11-28 12:49:00,721 INFO  logger="org.springframework.boot.actuate.endpoint.mvc.EndpointHandlerMapping" message="Mapped "{[/internal/heapdump || /internal/heapdump.json],methods=[GET],produces=[application/octet-stream]}" onto public void org.springframework.boot.actuate.endpoint.mvc.HeapdumpMvcEndpoint.invoke(boolean,javax.servlet.http.HttpServletRequest,javax.servlet.http.HttpServletResponse) throws java.io.IOException,javax.servlet.ServletException" thread="main" 
2016-11-28 12:49:00,729 INFO  logger="org.springframework.boot.actuate.endpoint.mvc.EndpointHandlerMapping" message="Mapped "{[/internal/metrics/{name:.*}],methods=[GET],produces=[application/json]}" onto public java.lang.Object org.springframework.boot.actuate.endpoint.mvc.MetricsMvcEndpoint.value(java.lang.String)" thread="main" 
2016-11-28 12:49:00,729 INFO  logger="org.springframework.boot.actuate.endpoint.mvc.EndpointHandlerMapping" message="Mapped "{[/internal/metrics || /internal/metrics.json],methods=[GET],produces=[application/json]}" onto public java.lang.Object org.springframework.boot.actuate.endpoint.mvc.EndpointMvcAdapter.invoke()" thread="main" 
2016-11-28 12:49:00,730 INFO  logger="org.springframework.boot.actuate.endpoint.mvc.EndpointHandlerMapping" message="Mapped "{[/internal || /internal.json],produces=[application/json]}" onto public org.springframework.hateoas.ResourceSupport org.springframework.boot.actuate.endpoint.mvc.HalJsonMvcEndpoint.links()" thread="main" 
2016-11-28 12:49:00,733 INFO  logger="org.springframework.boot.actuate.endpoint.mvc.EndpointHandlerMapping" message="Mapped "{[/internal/trace || /internal/trace.json],methods=[GET],produces=[application/json]}" onto public java.lang.Object org.springframework.boot.actuate.endpoint.mvc.EndpointMvcAdapter.invoke()" thread="main" 
2016-11-28 12:49:00,734 INFO  logger="org.springframework.boot.actuate.endpoint.mvc.EndpointHandlerMapping" message="Mapped "{[/internal/beans || /internal/beans.json],methods=[GET],produces=[application/json]}" onto public java.lang.Object org.springframework.boot.actuate.endpoint.mvc.EndpointMvcAdapter.invoke()" thread="main" 
2016-11-28 12:49:01,128 INFO  logger="org.springframework.web.servlet.mvc.method.annotation.RequestMappingHandlerAdapter" message="Looking for @ControllerAdvice: org.springframework.boot.context.embedded.AnnotationConfigEmbeddedWebApplicationContext@145f66e3: startup date [Mon Nov 28 12:48:53 CET 2016]; root of context hierarchy" thread="main" 
2016-11-28 12:49:01,150 INFO  logger="org.springframework.web.servlet.mvc.method.annotation.RequestMappingHandlerAdapter" message="Detected ResponseBodyAdvice bean in org.springframework.boot.actuate.autoconfigure.EndpointWebMvcHypermediaManagementContextConfiguration$ActuatorEndpointLinksAdvice" thread="main" 
2016-11-28 12:49:01,225 INFO  logger="org.springframework.web.servlet.handler.SimpleUrlHandlerMapping" message="Mapped URL path [/webjars/**] onto handler of type [class org.springframework.web.servlet.resource.ResourceHttpRequestHandler]" thread="main" 
2016-11-28 12:49:01,225 INFO  logger="org.springframework.web.servlet.handler.SimpleUrlHandlerMapping" message="Mapped URL path [/**] onto handler of type [class org.springframework.web.servlet.resource.ResourceHttpRequestHandler]" thread="main" 
2016-11-28 12:49:01,248 INFO  logger="org.springframework.web.servlet.mvc.method.annotation.ExceptionHandlerExceptionResolver" message="Detected ResponseBodyAdvice implementation in org.springframework.boot.actuate.autoconfigure.EndpointWebMvcHypermediaManagementContextConfiguration$ActuatorEndpointLinksAdvice" thread="main" 
2016-11-28 12:49:01,278 INFO  logger="org.springframework.web.servlet.handler.SimpleUrlHandlerMapping" message="Mapped URL path [/**/favicon.ico] onto handler of type [class org.springframework.web.servlet.resource.ResourceHttpRequestHandler]" thread="main" 
2016-11-28 12:49:02,152 INFO  logger="org.springframework.jmx.export.annotation.AnnotationMBeanExporter" message="Registering beans for JMX exposure on startup" thread="main" 
2016-11-28 12:49:02,160 INFO  logger="org.springframework.boot.actuate.endpoint.jmx.EndpointMBeanExporter" message="Registering beans for JMX exposure on startup" thread="main" 
2016-11-28 12:49:02,167 INFO  logger="org.springframework.context.support.DefaultLifecycleProcessor" message="Starting beans in phase 0" thread="main" 
2016-11-28 12:49:02,172 INFO  logger="org.springframework.boot.actuate.endpoint.jmx.EndpointMBeanExporter" message="Located managed bean 'requestMappingEndpoint': registering with JMX server as MBean [org.springframework.boot:type=Endpoint,name=requestMappingEndpoint]" thread="main" 
2016-11-28 12:49:02,200 INFO  logger="org.springframework.boot.actuate.endpoint.jmx.EndpointMBeanExporter" message="Located managed bean 'environmentEndpoint': registering with JMX server as MBean [org.springframework.boot:type=Endpoint,name=environmentEndpoint]" thread="main" 
2016-11-28 12:49:02,207 INFO  logger="org.springframework.boot.actuate.endpoint.jmx.EndpointMBeanExporter" message="Located managed bean 'healthEndpoint': registering with JMX server as MBean [org.springframework.boot:type=Endpoint,name=healthEndpoint]" thread="main" 
2016-11-28 12:49:02,213 INFO  logger="org.springframework.boot.actuate.endpoint.jmx.EndpointMBeanExporter" message="Located managed bean 'beansEndpoint': registering with JMX server as MBean [org.springframework.boot:type=Endpoint,name=beansEndpoint]" thread="main" 
2016-11-28 12:49:02,218 INFO  logger="org.springframework.boot.actuate.endpoint.jmx.EndpointMBeanExporter" message="Located managed bean 'infoEndpoint': registering with JMX server as MBean [org.springframework.boot:type=Endpoint,name=infoEndpoint]" thread="main" 
2016-11-28 12:49:02,223 INFO  logger="org.springframework.boot.actuate.endpoint.jmx.EndpointMBeanExporter" message="Located managed bean 'metricsEndpoint': registering with JMX server as MBean [org.springframework.boot:type=Endpoint,name=metricsEndpoint]" thread="main" 
2016-11-28 12:49:02,229 INFO  logger="org.springframework.boot.actuate.endpoint.jmx.EndpointMBeanExporter" message="Located managed bean 'traceEndpoint': registering with JMX server as MBean [org.springframework.boot:type=Endpoint,name=traceEndpoint]" thread="main" 
2016-11-28 12:49:02,233 INFO  logger="org.springframework.boot.actuate.endpoint.jmx.EndpointMBeanExporter" message="Located managed bean 'dumpEndpoint': registering with JMX server as MBean [org.springframework.boot:type=Endpoint,name=dumpEndpoint]" thread="main" 
2016-11-28 12:49:02,242 INFO  logger="org.springframework.boot.actuate.endpoint.jmx.EndpointMBeanExporter" message="Located managed bean 'autoConfigurationReportEndpoint': registering with JMX server as MBean [org.springframework.boot:type=Endpoint,name=autoConfigurationReportEndpoint]" thread="main" 
2016-11-28 12:49:02,247 INFO  logger="org.springframework.boot.actuate.endpoint.jmx.EndpointMBeanExporter" message="Located managed bean 'configurationPropertiesReportEndpoint': registering with JMX server as MBean [org.springframework.boot:type=Endpoint,name=configurationPropertiesReportEndpoint]" thread="main" 
2016-11-28 12:49:02,261 INFO  logger="org.springframework.context.support.DefaultLifecycleProcessor" message="Starting beans in phase 2147483647" thread="main" 
2016-11-28 12:49:02,262 INFO  logger="springfox.documentation.spring.web.plugins.DocumentationPluginsBootstrapper" message="Context refreshed" thread="main" 
2016-11-28 12:49:02,313 INFO  logger="springfox.documentation.spring.web.plugins.DocumentationPluginsBootstrapper" message="Found 1 custom documentation plugin(s)" thread="main" 
2016-11-28 12:49:02,336 INFO  logger="springfox.documentation.spring.web.scanners.ApiListingReferenceScanner" message="Scanning for api listing references" thread="main" 
2016-11-28 12:49:03,029 INFO  logger="org.apache.coyote.http11.Http11NioProtocol" message="Initializing ProtocolHandler ["http-nio-8080"]" thread="main" 
2016-11-28 12:49:03,048 INFO  logger="org.apache.coyote.http11.Http11NioProtocol" message="Starting ProtocolHandler [http-nio-8080]" thread="main" 
2016-11-28 12:49:03,056 INFO  logger="org.apache.tomcat.util.net.NioSelectorPool" message="Using a shared selector for servlet write/read" thread="main" 
2016-11-28 12:49:03,125 INFO  logger="org.springframework.boot.context.embedded.tomcat.TomcatEmbeddedServletContainer" message="Tomcat started on port(s): 8080 (http)" thread="main" 
2016-11-28 12:49:03,133 INFO  logger="de.haw.aim.AIMServer" message="Started AIMServer in 11.162 seconds (JVM running for 11.838)" thread="main" 
2016-11-28 12:49:12,844 INFO  logger="org.apache.catalina.core.ContainerBase.[Tomcat].[localhost].[/api]" message="Initializing Spring FrameworkServlet 'dispatcherServlet'" thread="http-nio-8080-exec-1" 
2016-11-28 12:49:12,844 INFO  logger="org.springframework.web.servlet.DispatcherServlet" message="FrameworkServlet 'dispatcherServlet': initialization started" thread="http-nio-8080-exec-1" 
2016-11-28 12:49:12,866 INFO  logger="org.springframework.web.servlet.DispatcherServlet" message="FrameworkServlet 'dispatcherServlet': initialization completed in 22 ms" thread="http-nio-8080-exec-1" 
2016-11-28 12:49:12,943 INFO  logger="org.mongodb.driver.connection" message="Opened connection [connectionId{localValue:2, serverValue:2}] to localhost:27017" thread="http-nio-8080-exec-1" 
setup finished
